# JRE version: OpenJDK Runtime Environment (17.0.11) (build 17.0.11+0--11852314)
# Java VM: OpenJDK 64-Bit Server VM (17.0.11+0--11852314, mixed mode, tiered, compressed oops, compressed class ptrs, g1 gc, windows-amd64)
GC Precious Log:
 CPUs: 16 total, 16 available
 Memory: 16060M
 Large Page Support: Disabled
 NUMA Support: Disabled
 Compressed Oops: Enabled (32-bit)
 Heap Region Size: 1M
 Heap Min Capacity: 8M
 Heap Initial Capacity: 252M
 Heap Max Capacity: 2G
 Pre-touch: Disabled
 Parallel Workers: 13
 Concurrent Workers: 3
 Concurrent Refinement Workers: 13
 Periodic GC: Disabled
Heap:
 garbage-first heap   total 166912K, used 89537K [0x0000000080000000, 0x0000000100000000)
  region size 1024K, 1 young (1024K), 1 survivors (1024K)
 Metaspace       used 90482K, committed 91136K, reserved 1179648K
  class space    used 12556K, committed 12864K, reserved 1048576K
GC Heap History (20 events):
Event: 3.600 GC heap after
{Heap after GC invocations=23 (full 0):
 garbage-first heap   total 166912K, used 64191K [0x0000000080000000, 0x0000000100000000)
  region size 1024K, 2 young (2048K), 2 survivors (2048K)
 Metaspace       used 62939K, committed 63488K, reserved 1114112K
  class space    used 8506K, committed 8768K, reserved 1048576K
}
Event: 3.888 GC heap before
{Heap before GC invocations=23 (full 0):
 garbage-first heap   total 166912K, used 118463K [0x0000000080000000, 0x0000000100000000)
  region size 1024K, 50 young (51200K), 2 survivors (2048K)
 Metaspace       used 67731K, committed 68416K, reserved 1114112K
  class space    used 9148K, committed 9472K, reserved 1048576K
}
Event: 3.890 GC heap after
{Heap after GC invocations=24 (full 0):
 garbage-first heap   total 166912K, used 69711K [0x0000000080000000, 0x0000000100000000)
  region size 1024K, 7 young (7168K), 7 survivors (7168K)
 Metaspace       used 67731K, committed 68416K, reserved 1114112K
  class space    used 9148K, committed 9472K, reserved 1048576K
}
Event: 4.113 GC heap before
{Heap before GC invocations=24 (full 0):
 garbage-first heap   total 166912K, used 117839K [0x0000000080000000, 0x0000000100000000)
  region size 1024K, 54 young (55296K), 7 survivors (7168K)
 Metaspace       used 71220K, committed 71808K, reserved 1114112K
  class space    used 9612K, committed 9920K, reserved 1048576K
}
Event: 4.116 GC heap after
{Heap after GC invocations=25 (full 0):
 garbage-first heap   total 166912K, used 72320K [0x0000000080000000, 0x0000000100000000)
  region size 1024K, 3 young (3072K), 3 survivors (3072K)
 Metaspace       used 71220K, committed 71808K, reserved 1114112K
  class space    used 9612K, committed 9920K, reserved 1048576K
}
Event: 4.341 GC heap before
{Heap before GC invocations=25 (full 0):
 garbage-first heap   total 166912K, used 122496K [0x0000000080000000, 0x0000000100000000)
  region size 1024K, 52 young (53248K), 3 survivors (3072K)
 Metaspace       used 75994K, committed 76608K, reserved 1179648K
  class space    used 10278K, committed 10560K, reserved 1048576K
}
Event: 4.343 GC heap after
{Heap after GC invocations=26 (full 0):
 garbage-first heap   total 166912K, used 76009K [0x0000000080000000, 0x0000000100000000)
  region size 1024K, 7 young (7168K), 7 survivors (7168K)
 Metaspace       used 75994K, committed 76608K, reserved 1179648K
  class space    used 10278K, committed 10560K, reserved 1048576K
}
Event: 4.549 GC heap before
{Heap before GC invocations=26 (full 0):
 garbage-first heap   total 166912K, used 128233K [0x0000000080000000, 0x0000000100000000)
  region size 1024K, 55 young (56320K), 7 survivors (7168K)
 Metaspace       used 78713K, committed 79296K, reserved 1179648K
  class space    used 10644K, committed 10944K, reserved 1048576K
}
Event: 4.552 GC heap after
{Heap after GC invocations=27 (full 0):
 garbage-first heap   total 166912K, used 81142K [0x0000000080000000, 0x0000000100000000)
  region size 1024K, 6 young (6144K), 6 survivors (6144K)
 Metaspace       used 78713K, committed 79296K, reserved 1179648K
  class space    used 10644K, committed 10944K, reserved 1048576K
}
Event: 4.770 GC heap before
{Heap before GC invocations=27 (full 0):
 garbage-first heap   total 166912K, used 127222K [0x0000000080000000, 0x0000000100000000)
  region size 1024K, 51 young (52224K), 6 survivors (6144K)
 Metaspace       used 82031K, committed 82624K, reserved 1179648K
  class space    used 11308K, committed 11584K, reserved 1048576K
}
Event: 4.772 GC heap after
{Heap after GC invocations=28 (full 0):
 garbage-first heap   total 166912K, used 81402K [0x0000000080000000, 0x0000000100000000)
  region size 1024K, 2 young (2048K), 2 survivors (2048K)
 Metaspace       used 82031K, committed 82624K, reserved 1179648K
  class space    used 11308K, committed 11584K, reserved 1048576K
}
Event: 5.064 GC heap before
{Heap before GC invocations=29 (full 0):
 garbage-first heap   total 166912K, used 130554K [0x0000000080000000, 0x0000000100000000)
  region size 1024K, 50 young (51200K), 2 survivors (2048K)
 Metaspace       used 86135K, committed 86784K, reserved 1179648K
  class space    used 11938K, committed 12224K, reserved 1048576K
}
Event: 5.067 GC heap after
{Heap after GC invocations=30 (full 0):
 garbage-first heap   total 166912K, used 84088K [0x0000000080000000, 0x0000000100000000)
  region size 1024K, 5 young (5120K), 5 survivors (5120K)
 Metaspace       used 86135K, committed 86784K, reserved 1179648K
  class space    used 11938K, committed 12224K, reserved 1048576K
}
Event: 5.088 GC heap before
{Heap before GC invocations=30 (full 0):
 garbage-first heap   total 166912K, used 87160K [0x0000000080000000, 0x0000000100000000)
  region size 1024K, 8 young (8192K), 5 survivors (5120K)
 Metaspace       used 86517K, committed 87168K, reserved 1179648K
  class space    used 11993K, committed 12288K, reserved 1048576K
}
Event: 5.090 GC heap after
{Heap after GC invocations=31 (full 0):
 garbage-first heap   total 166912K, used 84019K [0x0000000080000000, 0x0000000100000000)
  region size 1024K, 1 young (1024K), 1 survivors (1024K)
 Metaspace       used 86517K, committed 87168K, reserved 1179648K
  class space    used 11993K, committed 12288K, reserved 1048576K
}
Event: 5.097 GC heap before
{Heap before GC invocations=31 (full 0):
 garbage-first heap   total 166912K, used 85043K [0x0000000080000000, 0x0000000100000000)
  region size 1024K, 3 young (3072K), 1 survivors (1024K)
 Metaspace       used 86597K, committed 87296K, reserved 1179648K
  class space    used 12004K, committed 12352K, reserved 1048576K
}
Event: 5.098 GC heap after
{Heap after GC invocations=32 (full 0):
 garbage-first heap   total 166912K, used 83582K [0x0000000080000000, 0x0000000100000000)
  region size 1024K, 1 young (1024K), 1 survivors (1024K)
 Metaspace       used 86597K, committed 87296K, reserved 1179648K
  class space    used 12004K, committed 12352K, reserved 1048576K
}
Event: 5.375 GC heap before
{Heap before GC invocations=33 (full 0):
 garbage-first heap   total 166912K, used 138878K [0x0000000080000000, 0x0000000100000000)
  region size 1024K, 51 young (52224K), 1 survivors (1024K)
 Metaspace       used 90173K, committed 90880K, reserved 1179648K
  class space    used 12520K, committed 12864K, reserved 1048576K
}
Event: 5.377 GC heap after
{Heap after GC invocations=34 (full 0):
 garbage-first heap   total 166912K, used 90636K [0x0000000080000000, 0x0000000100000000)
  region size 1024K, 4 young (4096K), 4 survivors (4096K)
 Metaspace       used 90173K, committed 90880K, reserved 1179648K
  class space    used 12520K, committed 12864K, reserved 1048576K
}
Event: 5.395 GC heap before
{Heap before GC invocations=34 (full 0):
 garbage-first heap   total 166912K, used 94732K [0x0000000080000000, 0x0000000100000000)
  region size 1024K, 8 young (8192K), 4 survivors (4096K)
 Metaspace       used 90482K, committed 91136K, reserved 1179648K
  class space    used 12556K, committed 12864K, reserved 1048576K
}

