# JRE version: OpenJDK Runtime Environment (17.0.11) (build 17.0.11+0--11852314)
# Java VM: OpenJDK 64-Bit Server VM (17.0.11+0--11852314, mixed mode, tiered, compressed oops, compressed class ptrs, g1 gc, windows-amd64)
GC Precious Log:
 CPUs: 16 total, 16 available
 Memory: 16060M
 Large Page Support: Disabled
 NUMA Support: Disabled
 Compressed Oops: Enabled (32-bit)
 Heap Region Size: 1M
 Heap Min Capacity: 8M
 Heap Initial Capacity: 252M
 Heap Max Capacity: 2G
 Pre-touch: Disabled
 Parallel Workers: 13
 Concurrent Workers: 3
 Concurrent Refinement Workers: 13
 Periodic GC: Disabled
Heap:
 garbage-first heap   total 258048K, used 92289K [0x0000000080000000, 0x0000000100000000)
  region size 1024K, 1 young (1024K), 1 survivors (1024K)
 Metaspace       used 90668K, committed 91392K, reserved 1179648K
  class space    used 12591K, committed 12928K, reserved 1048576K
GC Heap History (20 events):
Event: 3.305 GC heap after
{Heap after GC invocations=20 (full 0):
 garbage-first heap   total 168960K, used 64408K [0x0000000080000000, 0x0000000100000000)
  region size 1024K, 1 young (1024K), 1 survivors (1024K)
 Metaspace       used 60996K, committed 61568K, reserved 1114112K
  class space    used 8322K, committed 8576K, reserved 1048576K
}
Event: 3.720 GC heap before
{Heap before GC invocations=21 (full 0):
 garbage-first heap   total 168960K, used 133016K [0x0000000080000000, 0x0000000100000000)
  region size 1024K, 64 young (65536K), 1 survivors (1024K)
 Metaspace       used 67677K, committed 68352K, reserved 1114112K
  class space    used 9155K, committed 9472K, reserved 1048576K
}
Event: 3.722 GC heap after
{Heap after GC invocations=22 (full 0):
 garbage-first heap   total 168960K, used 72817K [0x0000000080000000, 0x0000000100000000)
  region size 1024K, 6 young (6144K), 6 survivors (6144K)
 Metaspace       used 67677K, committed 68352K, reserved 1114112K
  class space    used 9155K, committed 9472K, reserved 1048576K
}
Event: 3.724 GC heap before
{Heap before GC invocations=22 (full 0):
 garbage-first heap   total 168960K, used 74865K [0x0000000080000000, 0x0000000100000000)
  region size 1024K, 8 young (8192K), 6 survivors (6144K)
 Metaspace       used 67677K, committed 68352K, reserved 1114112K
  class space    used 9155K, committed 9472K, reserved 1048576K
}
Event: 3.726 GC heap after
{Heap after GC invocations=23 (full 0):
 garbage-first heap   total 168960K, used 73372K [0x0000000080000000, 0x0000000100000000)
  region size 1024K, 1 young (1024K), 1 survivors (1024K)
 Metaspace       used 67677K, committed 68352K, reserved 1114112K
  class space    used 9155K, committed 9472K, reserved 1048576K
}
Event: 4.014 GC heap before
{Heap before GC invocations=23 (full 0):
 garbage-first heap   total 168960K, used 132764K [0x0000000080000000, 0x0000000100000000)
  region size 1024K, 58 young (59392K), 1 survivors (1024K)
 Metaspace       used 71748K, committed 72320K, reserved 1114112K
  class space    used 9692K, committed 9984K, reserved 1048576K
}
Event: 4.016 GC heap after
{Heap after GC invocations=24 (full 0):
 garbage-first heap   total 168960K, used 77133K [0x0000000080000000, 0x0000000100000000)
  region size 1024K, 4 young (4096K), 4 survivors (4096K)
 Metaspace       used 71748K, committed 72320K, reserved 1114112K
  class space    used 9692K, committed 9984K, reserved 1048576K
}
Event: 4.257 GC heap before
{Heap before GC invocations=24 (full 0):
 garbage-first heap   total 168960K, used 135501K [0x0000000080000000, 0x0000000100000000)
  region size 1024K, 59 young (60416K), 4 survivors (4096K)
 Metaspace       used 76297K, committed 76928K, reserved 1179648K
  class space    used 10319K, committed 10624K, reserved 1048576K
}
Event: 4.259 GC heap after
{Heap after GC invocations=25 (full 0):
 garbage-first heap   total 168960K, used 83239K [0x0000000080000000, 0x0000000100000000)
  region size 1024K, 8 young (8192K), 8 survivors (8192K)
 Metaspace       used 76297K, committed 76928K, reserved 1179648K
  class space    used 10319K, committed 10624K, reserved 1048576K
}
Event: 4.387 GC heap before
{Heap before GC invocations=25 (full 0):
 garbage-first heap   total 168960K, used 112935K [0x0000000080000000, 0x0000000100000000)
  region size 1024K, 38 young (38912K), 8 survivors (8192K)
 Metaspace       used 78334K, committed 78976K, reserved 1179648K
  class space    used 10611K, committed 10880K, reserved 1048576K
}
Event: 4.389 GC heap after
{Heap after GC invocations=26 (full 0):
 garbage-first heap   total 168960K, used 85033K [0x0000000080000000, 0x0000000100000000)
  region size 1024K, 6 young (6144K), 6 survivors (6144K)
 Metaspace       used 78334K, committed 78976K, reserved 1179648K
  class space    used 10611K, committed 10880K, reserved 1048576K
}
Event: 4.638 GC heap before
{Heap before GC invocations=27 (full 0):
 garbage-first heap   total 168960K, used 136233K [0x0000000080000000, 0x0000000100000000)
  region size 1024K, 57 young (58368K), 6 survivors (6144K)
 Metaspace       used 82007K, committed 82560K, reserved 1179648K
  class space    used 11325K, committed 11584K, reserved 1048576K
}
Event: 4.641 GC heap after
{Heap after GC invocations=28 (full 0):
 garbage-first heap   total 168960K, used 84278K [0x0000000080000000, 0x0000000100000000)
  region size 1024K, 3 young (3072K), 3 survivors (3072K)
 Metaspace       used 82007K, committed 82560K, reserved 1179648K
  class space    used 11325K, committed 11584K, reserved 1048576K
}
Event: 4.665 GC heap before
{Heap before GC invocations=28 (full 0):
 garbage-first heap   total 168960K, used 89398K [0x0000000080000000, 0x0000000100000000)
  region size 1024K, 8 young (8192K), 3 survivors (3072K)
 Metaspace       used 82366K, committed 82944K, reserved 1179648K
  class space    used 11386K, committed 11648K, reserved 1048576K
}
Event: 4.667 GC heap after
{Heap after GC invocations=29 (full 0):
 garbage-first heap   total 168960K, used 83470K [0x0000000080000000, 0x0000000100000000)
  region size 1024K, 1 young (1024K), 1 survivors (1024K)
 Metaspace       used 82366K, committed 82944K, reserved 1179648K
  class space    used 11386K, committed 11648K, reserved 1048576K
}
Event: 4.985 GC heap before
{Heap before GC invocations=29 (full 0):
 garbage-first heap   total 168960K, used 142862K [0x0000000080000000, 0x0000000100000000)
  region size 1024K, 55 young (56320K), 1 survivors (1024K)
 Metaspace       used 87048K, committed 87744K, reserved 1179648K
  class space    used 12080K, committed 12416K, reserved 1048576K
}
Event: 4.988 GC heap after
{Heap after GC invocations=30 (full 0):
 garbage-first heap   total 168960K, used 91048K [0x0000000080000000, 0x0000000100000000)
  region size 1024K, 5 young (5120K), 5 survivors (5120K)
 Metaspace       used 87048K, committed 87744K, reserved 1179648K
  class space    used 12080K, committed 12416K, reserved 1048576K
}
Event: 5.219 GC heap before
{Heap before GC invocations=31 (full 0):
 garbage-first heap   total 168960K, used 138152K [0x0000000080000000, 0x0000000100000000)
  region size 1024K, 52 young (53248K), 5 survivors (5120K)
 Metaspace       used 90523K, committed 91136K, reserved 1179648K
  class space    used 12570K, committed 12864K, reserved 1048576K
}
Event: 5.223 GC heap after
{Heap after GC invocations=32 (full 0):
 garbage-first heap   total 168960K, used 92276K [0x0000000080000000, 0x0000000100000000)
  region size 1024K, 3 young (3072K), 3 survivors (3072K)
 Metaspace       used 90523K, committed 91136K, reserved 1179648K
  class space    used 12570K, committed 12864K, reserved 1048576K
}
Event: 5.250 GC heap before
{Heap before GC invocations=32 (full 0):
 garbage-first heap   total 168960K, used 97396K [0x0000000080000000, 0x0000000100000000)
  region size 1024K, 8 young (8192K), 3 survivors (3072K)
 Metaspace       used 90668K, committed 91392K, reserved 1179648K
  class space    used 12591K, committed 12928K, reserved 1048576K
}

