# JRE version: OpenJDK Runtime Environment (17.0.11) (build 17.0.11+0--11852314)
# Java VM: OpenJDK 64-Bit Server VM (17.0.11+0--11852314, mixed mode, tiered, compressed oops, compressed class ptrs, g1 gc, windows-amd64)
GC Precious Log:
 CPUs: 16 total, 16 available
 Memory: 16060M
 Large Page Support: Disabled
 NUMA Support: Disabled
 Compressed Oops: Enabled (32-bit)
 Heap Region Size: 1M
 Heap Min Capacity: 8M
 Heap Initial Capacity: 252M
 Heap Max Capacity: 2G
 Pre-touch: Disabled
 Parallel Workers: 13
 Concurrent Workers: 3
 Concurrent Refinement Workers: 13
 Periodic GC: Disabled
Heap:
 garbage-first heap   total 145408K, used 106566K [0x0000000080000000, 0x0000000100000000)
  region size 1024K, 45 young (46080K), 1 survivors (1024K)
 Metaspace       used 63920K, committed 64512K, reserved 1114112K
  class space    used 8626K, committed 8896K, reserved 1048576K
GC Heap History (20 events):
Event: 1.261 GC heap before
{Heap before GC invocations=5 (full 0):
 garbage-first heap   total 71680K, used 21647K [0x0000000080000000, 0x0000000100000000)
  region size 1024K, 12 young (12288K), 11 survivors (11264K)
 Metaspace       used 27284K, committed 27520K, reserved 1114112K
  class space    used 3505K, committed 3648K, reserved 1048576K
}
Event: 1.263 GC heap after
{Heap after GC invocations=6 (full 0):
 garbage-first heap   total 71680K, used 21737K [0x0000000080000000, 0x0000000100000000)
  region size 1024K, 1 young (1024K), 1 survivors (1024K)
 Metaspace       used 27284K, committed 27520K, reserved 1114112K
  class space    used 3505K, committed 3648K, reserved 1048576K
}
Event: 1.472 GC heap before
{Heap before GC invocations=6 (full 0):
 garbage-first heap   total 71680K, used 50409K [0x0000000080000000, 0x0000000100000000)
  region size 1024K, 29 young (29696K), 1 survivors (1024K)
 Metaspace       used 31065K, committed 31360K, reserved 1114112K
  class space    used 4142K, committed 4288K, reserved 1048576K
}
Event: 1.473 GC heap after
{Heap after GC invocations=7 (full 0):
 garbage-first heap   total 71680K, used 22582K [0x0000000080000000, 0x0000000100000000)
  region size 1024K, 2 young (2048K), 2 survivors (2048K)
 Metaspace       used 31065K, committed 31360K, reserved 1114112K
  class space    used 4142K, committed 4288K, reserved 1048576K
}
Event: 1.668 GC heap before
{Heap before GC invocations=7 (full 0):
 garbage-first heap   total 71680K, used 52278K [0x0000000080000000, 0x0000000100000000)
  region size 1024K, 31 young (31744K), 2 survivors (2048K)
 Metaspace       used 34722K, committed 35008K, reserved 1114112K
  class space    used 4720K, committed 4864K, reserved 1048576K
}
Event: 1.669 GC heap after
{Heap after GC invocations=8 (full 0):
 garbage-first heap   total 71680K, used 23826K [0x0000000080000000, 0x0000000100000000)
  region size 1024K, 3 young (3072K), 3 survivors (3072K)
 Metaspace       used 34722K, committed 35008K, reserved 1114112K
  class space    used 4720K, committed 4864K, reserved 1048576K
}
Event: 1.705 GC heap before
{Heap before GC invocations=8 (full 0):
 garbage-first heap   total 71680K, used 28946K [0x0000000080000000, 0x0000000100000000)
  region size 1024K, 9 young (9216K), 3 survivors (3072K)
 Metaspace       used 35695K, committed 35968K, reserved 1114112K
  class space    used 4853K, committed 4992K, reserved 1048576K
}
Event: 1.706 GC heap after
{Heap after GC invocations=9 (full 0):
 garbage-first heap   total 71680K, used 24078K [0x0000000080000000, 0x0000000100000000)
  region size 1024K, 2 young (2048K), 2 survivors (2048K)
 Metaspace       used 35695K, committed 35968K, reserved 1114112K
  class space    used 4853K, committed 4992K, reserved 1048576K
}
Event: 1.914 GC heap before
{Heap before GC invocations=10 (full 0):
 garbage-first heap   total 71680K, used 54798K [0x0000000080000000, 0x0000000100000000)
  region size 1024K, 33 young (33792K), 2 survivors (2048K)
 Metaspace       used 41546K, committed 41920K, reserved 1114112K
  class space    used 5480K, committed 5632K, reserved 1048576K
}
Event: 1.916 GC heap after
{Heap after GC invocations=11 (full 0):
 garbage-first heap   total 143360K, used 28120K [0x0000000080000000, 0x0000000100000000)
  region size 1024K, 5 young (5120K), 5 survivors (5120K)
 Metaspace       used 41546K, committed 41920K, reserved 1114112K
  class space    used 5480K, committed 5632K, reserved 1048576K
}
Event: 1.918 GC heap before
{Heap before GC invocations=11 (full 0):
 garbage-first heap   total 143360K, used 30168K [0x0000000080000000, 0x0000000100000000)
  region size 1024K, 7 young (7168K), 5 survivors (5120K)
 Metaspace       used 41547K, committed 41920K, reserved 1114112K
  class space    used 5480K, committed 5632K, reserved 1048576K
}
Event: 1.920 GC heap after
{Heap after GC invocations=12 (full 0):
 garbage-first heap   total 143360K, used 28406K [0x0000000080000000, 0x0000000100000000)
  region size 1024K, 1 young (1024K), 1 survivors (1024K)
 Metaspace       used 41547K, committed 41920K, reserved 1114112K
  class space    used 5480K, committed 5632K, reserved 1048576K
}
Event: 2.459 GC heap before
{Heap before GC invocations=12 (full 0):
 garbage-first heap   total 143360K, used 112374K [0x0000000080000000, 0x0000000100000000)
  region size 1024K, 83 young (84992K), 1 survivors (1024K)
 Metaspace       used 50140K, committed 50560K, reserved 1114112K
  class space    used 6853K, committed 7040K, reserved 1048576K
}
Event: 2.462 GC heap after
{Heap after GC invocations=13 (full 0):
 garbage-first heap   total 143360K, used 33245K [0x0000000080000000, 0x0000000100000000)
  region size 1024K, 6 young (6144K), 6 survivors (6144K)
 Metaspace       used 50140K, committed 50560K, reserved 1114112K
  class space    used 6853K, committed 7040K, reserved 1048576K
}
Event: 2.997 GC heap before
{Heap before GC invocations=13 (full 0):
 garbage-first heap   total 143360K, used 111069K [0x0000000080000000, 0x0000000100000000)
  region size 1024K, 81 young (82944K), 6 survivors (6144K)
 Metaspace       used 57041K, committed 57600K, reserved 1114112K
  class space    used 7774K, committed 8064K, reserved 1048576K
}
Event: 3.000 GC heap after
{Heap after GC invocations=14 (full 0):
 garbage-first heap   total 143360K, used 39760K [0x0000000080000000, 0x0000000100000000)
  region size 1024K, 11 young (11264K), 11 survivors (11264K)
 Metaspace       used 57041K, committed 57600K, reserved 1114112K
  class space    used 7774K, committed 8064K, reserved 1048576K
}
Event: 3.242 GC heap before
{Heap before GC invocations=14 (full 0):
 garbage-first heap   total 143360K, used 121680K [0x0000000080000000, 0x0000000100000000)
  region size 1024K, 80 young (81920K), 11 survivors (11264K)
 Metaspace       used 59748K, committed 60288K, reserved 1114112K
  class space    used 8125K, committed 8384K, reserved 1048576K
}
Event: 3.246 GC heap after
{Heap after GC invocations=15 (full 0):
 garbage-first heap   total 145408K, used 62097K [0x0000000080000000, 0x0000000100000000)
  region size 1024K, 11 young (11264K), 11 survivors (11264K)
 Metaspace       used 59748K, committed 60288K, reserved 1114112K
  class space    used 8125K, committed 8384K, reserved 1048576K
}
Event: 3.247 GC heap before
{Heap before GC invocations=15 (full 0):
 garbage-first heap   total 145408K, used 62097K [0x0000000080000000, 0x0000000100000000)
  region size 1024K, 12 young (12288K), 11 survivors (11264K)
 Metaspace       used 59758K, committed 60288K, reserved 1114112K
  class space    used 8126K, committed 8384K, reserved 1048576K
}
Event: 3.249 GC heap after
{Heap after GC invocations=16 (full 0):
 garbage-first heap   total 145408K, used 62534K [0x0000000080000000, 0x0000000100000000)
  region size 1024K, 1 young (1024K), 1 survivors (1024K)
 Metaspace       used 59758K, committed 60288K, reserved 1114112K
  class space    used 8126K, committed 8384K, reserved 1048576K
}

