# JRE version: OpenJDK Runtime Environment (17.0.11) (build 17.0.11+0--11852314)
# Java VM: OpenJDK 64-Bit Server VM (17.0.11+0--11852314, mixed mode, tiered, compressed oops, compressed class ptrs, g1 gc, windows-amd64)
GC Precious Log:
 CPUs: 16 total, 16 available
 Memory: 16060M
 Large Page Support: Disabled
 NUMA Support: Disabled
 Compressed Oops: Enabled (32-bit)
 Heap Region Size: 1M
 Heap Min Capacity: 8M
 Heap Initial Capacity: 252M
 Heap Max Capacity: 2G
 Pre-touch: Disabled
 Parallel Workers: 13
 Concurrent Workers: 3
 Concurrent Refinement Workers: 13
 Periodic GC: Disabled
Heap:
 garbage-first heap   total 423936K, used 329714K [0x0000000080000000, 0x0000000100000000)
  region size 1024K, 3 young (3072K), 2 survivors (2048K)
 Metaspace       used 169596K, committed 171840K, reserved 1245184K
  class space    used 22651K, committed 23680K, reserved 1048576K
GC Heap History (20 events):
Event: 2740.468 GC heap before
{Heap before GC invocations=91 (full 0):
 garbage-first heap   total 423936K, used 373732K [0x0000000080000000, 0x0000000100000000)
  region size 1024K, 20 young (20480K), 1 survivors (1024K)
 Metaspace       used 167333K, committed 169280K, reserved 1245184K
  class space    used 22581K, committed 23552K, reserved 1048576K
}
Event: 2740.470 GC heap after
{Heap after GC invocations=92 (full 0):
 garbage-first heap   total 423936K, used 355717K [0x0000000080000000, 0x0000000100000000)
  region size 1024K, 1 young (1024K), 1 survivors (1024K)
 Metaspace       used 167333K, committed 169280K, reserved 1245184K
  class space    used 22581K, committed 23552K, reserved 1048576K
}
Event: 2740.580 GC heap before
{Heap before GC invocations=92 (full 0):
 garbage-first heap   total 423936K, used 374149K [0x0000000080000000, 0x0000000100000000)
  region size 1024K, 20 young (20480K), 1 survivors (1024K)
 Metaspace       used 167423K, committed 169408K, reserved 1245184K
  class space    used 22582K, committed 23552K, reserved 1048576K
}
Event: 2740.584 GC heap after
{Heap after GC invocations=93 (full 0):
 garbage-first heap   total 423936K, used 356262K [0x0000000080000000, 0x0000000100000000)
  region size 1024K, 2 young (2048K), 2 survivors (2048K)
 Metaspace       used 167423K, committed 169408K, reserved 1245184K
  class space    used 22582K, committed 23552K, reserved 1048576K
}
Event: 2740.616 GC heap before
{Heap before GC invocations=93 (full 0):
 garbage-first heap   total 423936K, used 374694K [0x0000000080000000, 0x0000000100000000)
  region size 1024K, 20 young (20480K), 2 survivors (2048K)
 Metaspace       used 167441K, committed 169408K, reserved 1245184K
  class space    used 22582K, committed 23552K, reserved 1048576K
}
Event: 2740.618 GC heap after
{Heap after GC invocations=94 (full 0):
 garbage-first heap   total 423936K, used 356835K [0x0000000080000000, 0x0000000100000000)
  region size 1024K, 2 young (2048K), 2 survivors (2048K)
 Metaspace       used 167441K, committed 169408K, reserved 1245184K
  class space    used 22582K, committed 23552K, reserved 1048576K
}
Event: 2740.726 GC heap before
{Heap before GC invocations=94 (full 0):
 garbage-first heap   total 423936K, used 374243K [0x0000000080000000, 0x0000000100000000)
  region size 1024K, 20 young (20480K), 2 survivors (2048K)
 Metaspace       used 167588K, committed 169600K, reserved 1245184K
  class space    used 22605K, committed 23616K, reserved 1048576K
}
Event: 2740.728 GC heap after
{Heap after GC invocations=95 (full 0):
 garbage-first heap   total 423936K, used 355526K [0x0000000080000000, 0x0000000100000000)
  region size 1024K, 1 young (1024K), 1 survivors (1024K)
 Metaspace       used 167588K, committed 169600K, reserved 1245184K
  class space    used 22605K, committed 23616K, reserved 1048576K
}
Event: 2746.016 GC heap before
{Heap before GC invocations=95 (full 0):
 garbage-first heap   total 423936K, used 376006K [0x0000000080000000, 0x0000000100000000)
  region size 1024K, 20 young (20480K), 1 survivors (1024K)
 Metaspace       used 167920K, committed 169920K, reserved 1245184K
  class space    used 22616K, committed 23616K, reserved 1048576K
}
Event: 2746.021 GC heap after
{Heap after GC invocations=96 (full 0):
 garbage-first heap   total 423936K, used 357713K [0x0000000080000000, 0x0000000100000000)
  region size 1024K, 3 young (3072K), 3 survivors (3072K)
 Metaspace       used 167920K, committed 169920K, reserved 1245184K
  class space    used 22616K, committed 23616K, reserved 1048576K
}
Event: 2746.136 GC heap before
{Heap before GC invocations=96 (full 0):
 garbage-first heap   total 423936K, used 374097K [0x0000000080000000, 0x0000000100000000)
  region size 1024K, 20 young (20480K), 3 survivors (3072K)
 Metaspace       used 168413K, committed 170368K, reserved 1245184K
  class space    used 22652K, committed 23616K, reserved 1048576K
}
Event: 2746.143 GC heap after
{Heap after GC invocations=97 (full 0):
 garbage-first heap   total 423936K, used 360331K [0x0000000080000000, 0x0000000100000000)
  region size 1024K, 3 young (3072K), 3 survivors (3072K)
 Metaspace       used 168413K, committed 170368K, reserved 1245184K
  class space    used 22652K, committed 23616K, reserved 1048576K
}
Event: 2746.237 GC heap before
{Heap before GC invocations=97 (full 0):
 garbage-first heap   total 423936K, used 376715K [0x0000000080000000, 0x0000000100000000)
  region size 1024K, 20 young (20480K), 3 survivors (3072K)
 Metaspace       used 168546K, committed 170560K, reserved 1245184K
  class space    used 22658K, committed 23616K, reserved 1048576K
}
Event: 2746.243 GC heap after
{Heap after GC invocations=98 (full 0):
 garbage-first heap   total 423936K, used 365258K [0x0000000080000000, 0x0000000100000000)
  region size 1024K, 3 young (3072K), 3 survivors (3072K)
 Metaspace       used 168546K, committed 170560K, reserved 1245184K
  class space    used 22658K, committed 23616K, reserved 1048576K
}
Event: 2746.425 GC heap before
{Heap before GC invocations=98 (full 0):
 garbage-first heap   total 423936K, used 382666K [0x0000000080000000, 0x0000000100000000)
  region size 1024K, 20 young (20480K), 3 survivors (3072K)
 Metaspace       used 168842K, committed 170880K, reserved 1245184K
  class space    used 22685K, committed 23680K, reserved 1048576K
}
Event: 2746.430 GC heap after
{Heap after GC invocations=99 (full 0):
 garbage-first heap   total 423936K, used 367775K [0x0000000080000000, 0x0000000100000000)
  region size 1024K, 3 young (3072K), 3 survivors (3072K)
 Metaspace       used 168842K, committed 170880K, reserved 1245184K
  class space    used 22685K, committed 23680K, reserved 1048576K
}
Event: 2746.629 GC heap before
{Heap before GC invocations=99 (full 0):
 garbage-first heap   total 423936K, used 384159K [0x0000000080000000, 0x0000000100000000)
  region size 1024K, 20 young (20480K), 3 survivors (3072K)
 Metaspace       used 169160K, committed 171136K, reserved 1245184K
  class space    used 22695K, committed 23680K, reserved 1048576K
}
Event: 2746.634 GC heap after
{Heap after GC invocations=100 (full 0):
 garbage-first heap   total 423936K, used 370037K [0x0000000080000000, 0x0000000100000000)
  region size 1024K, 3 young (3072K), 3 survivors (3072K)
 Metaspace       used 169160K, committed 171136K, reserved 1245184K
  class space    used 22695K, committed 23680K, reserved 1048576K
}
Event: 2747.343 GC heap before
{Heap before GC invocations=100 (full 0):
 garbage-first heap   total 423936K, used 386421K [0x0000000080000000, 0x0000000100000000)
  region size 1024K, 20 young (20480K), 3 survivors (3072K)
 Metaspace       used 169774K, committed 171712K, reserved 1245184K
  class space    used 22709K, committed 23680K, reserved 1048576K
}
Event: 2747.346 GC heap after
{Heap after GC invocations=101 (full 0):
 garbage-first heap   total 423936K, used 370674K [0x0000000080000000, 0x0000000100000000)
  region size 1024K, 2 young (2048K), 2 survivors (2048K)
 Metaspace       used 169774K, committed 171712K, reserved 1245184K
  class space    used 22709K, committed 23680K, reserved 1048576K
}

