# JRE version: OpenJDK Runtime Environment (17.0.11) (build 17.0.11+0--11852314)
# Java VM: OpenJDK 64-Bit Server VM (17.0.11+0--11852314, mixed mode, tiered, compressed oops, compressed class ptrs, g1 gc, windows-amd64)
GC Precious Log:
 CPUs: 16 total, 16 available
 Memory: 16060M
 Large Page Support: Disabled
 NUMA Support: Disabled
 Compressed Oops: Enabled (32-bit)
 Heap Region Size: 1M
 Heap Min Capacity: 8M
 Heap Initial Capacity: 252M
 Heap Max Capacity: 2G
 Pre-touch: Disabled
 Parallel Workers: 13
 Concurrent Workers: 3
 Concurrent Refinement Workers: 13
 Periodic GC: Disabled
Heap:
 garbage-first heap   total 267264K, used 189470K [0x0000000080000000, 0x0000000100000000)
  region size 1024K, 3 young (3072K), 3 survivors (3072K)
 Metaspace       used 135160K, committed 136384K, reserved 1179648K
  class space    used 19569K, committed 20160K, reserved 1048576K
GC Heap History (20 events):
Event: 8.981 GC heap after
{Heap after GC invocations=36 (full 0):
 garbage-first heap   total 267264K, used 141147K [0x0000000080000000, 0x0000000100000000)
  region size 1024K, 12 young (12288K), 12 survivors (12288K)
 Metaspace       used 112894K, committed 113920K, reserved 1179648K
  class space    used 15800K, committed 16320K, reserved 1048576K
}
Event: 9.252 GC heap before
{Heap before GC invocations=37 (full 0):
 garbage-first heap   total 267264K, used 213851K [0x0000000080000000, 0x0000000100000000)
  region size 1024K, 84 young (86016K), 12 survivors (12288K)
 Metaspace       used 121270K, committed 122432K, reserved 1179648K
  class space    used 17525K, committed 18048K, reserved 1048576K
}
Event: 9.257 GC heap after
{Heap after GC invocations=38 (full 0):
 garbage-first heap   total 267264K, used 146281K [0x0000000080000000, 0x0000000100000000)
  region size 1024K, 5 young (5120K), 5 survivors (5120K)
 Metaspace       used 121270K, committed 122432K, reserved 1179648K
  class space    used 17525K, committed 18048K, reserved 1048576K
}
Event: 9.277 GC heap before
{Heap before GC invocations=38 (full 0):
 garbage-first heap   total 267264K, used 153449K [0x0000000080000000, 0x0000000100000000)
  region size 1024K, 13 young (13312K), 5 survivors (5120K)
 Metaspace       used 122018K, committed 123136K, reserved 1179648K
  class space    used 17668K, committed 18176K, reserved 1048576K
}
Event: 9.280 GC heap after
{Heap after GC invocations=39 (full 0):
 garbage-first heap   total 267264K, used 145913K [0x0000000080000000, 0x0000000100000000)
  region size 1024K, 2 young (2048K), 2 survivors (2048K)
 Metaspace       used 122018K, committed 123136K, reserved 1179648K
  class space    used 17668K, committed 18176K, reserved 1048576K
}
Event: 9.509 GC heap before
{Heap before GC invocations=39 (full 0):
 garbage-first heap   total 267264K, used 216569K [0x0000000080000000, 0x0000000100000000)
  region size 1024K, 72 young (73728K), 2 survivors (2048K)
 Metaspace       used 126206K, committed 127360K, reserved 1179648K
  class space    used 18302K, committed 18816K, reserved 1048576K
}
Event: 9.512 GC heap after
{Heap after GC invocations=40 (full 0):
 garbage-first heap   total 267264K, used 146777K [0x0000000080000000, 0x0000000100000000)
  region size 1024K, 3 young (3072K), 3 survivors (3072K)
 Metaspace       used 126206K, committed 127360K, reserved 1179648K
  class space    used 18302K, committed 18816K, reserved 1048576K
}
Event: 9.897 GC heap before
{Heap before GC invocations=41 (full 0):
 garbage-first heap   total 267264K, used 220505K [0x0000000080000000, 0x0000000100000000)
  region size 1024K, 75 young (76800K), 3 survivors (3072K)
 Metaspace       used 129684K, committed 130752K, reserved 1179648K
  class space    used 18949K, committed 19456K, reserved 1048576K
}
Event: 9.901 GC heap after
{Heap after GC invocations=42 (full 0):
 garbage-first heap   total 267264K, used 152349K [0x0000000080000000, 0x0000000100000000)
  region size 1024K, 8 young (8192K), 8 survivors (8192K)
 Metaspace       used 129684K, committed 130752K, reserved 1179648K
  class space    used 18949K, committed 19456K, reserved 1048576K
}
Event: 9.921 GC heap before
{Heap before GC invocations=42 (full 0):
 garbage-first heap   total 267264K, used 157469K [0x0000000080000000, 0x0000000100000000)
  region size 1024K, 13 young (13312K), 8 survivors (8192K)
 Metaspace       used 129927K, committed 131008K, reserved 1179648K
  class space    used 18987K, committed 19520K, reserved 1048576K
}
Event: 9.925 GC heap after
{Heap after GC invocations=43 (full 0):
 garbage-first heap   total 267264K, used 152300K [0x0000000080000000, 0x0000000100000000)
  region size 1024K, 2 young (2048K), 2 survivors (2048K)
 Metaspace       used 129927K, committed 131008K, reserved 1179648K
  class space    used 18987K, committed 19520K, reserved 1048576K
}
Event: 10.508 GC heap before
{Heap before GC invocations=43 (full 0):
 garbage-first heap   total 267264K, used 238316K [0x0000000080000000, 0x0000000100000000)
  region size 1024K, 69 young (70656K), 2 survivors (2048K)
 Metaspace       used 133615K, committed 134720K, reserved 1179648K
  class space    used 19456K, committed 19968K, reserved 1048576K
}
Event: 10.510 GC heap after
{Heap after GC invocations=44 (full 0):
 garbage-first heap   total 267264K, used 157163K [0x0000000080000000, 0x0000000100000000)
  region size 1024K, 7 young (7168K), 7 survivors (7168K)
 Metaspace       used 133615K, committed 134720K, reserved 1179648K
  class space    used 19456K, committed 19968K, reserved 1048576K
}
Event: 132.944 GC heap before
{Heap before GC invocations=44 (full 0):
 garbage-first heap   total 267264K, used 221675K [0x0000000080000000, 0x0000000100000000)
  region size 1024K, 70 young (71680K), 7 survivors (7168K)
 Metaspace       used 134292K, committed 135424K, reserved 1179648K
  class space    used 19520K, committed 20032K, reserved 1048576K
}
Event: 132.950 GC heap after
{Heap after GC invocations=45 (full 0):
 garbage-first heap   total 267264K, used 166115K [0x0000000080000000, 0x0000000100000000)
  region size 1024K, 9 young (9216K), 9 survivors (9216K)
 Metaspace       used 134292K, committed 135424K, reserved 1179648K
  class space    used 19520K, committed 20032K, reserved 1048576K
}
Event: 133.206 GC heap before
{Heap before GC invocations=45 (full 0):
 garbage-first heap   total 267264K, used 220387K [0x0000000080000000, 0x0000000100000000)
  region size 1024K, 62 young (63488K), 9 survivors (9216K)
 Metaspace       used 134623K, committed 135808K, reserved 1179648K
  class space    used 19552K, committed 20096K, reserved 1048576K
}
Event: 133.211 GC heap after
{Heap after GC invocations=46 (full 0):
 garbage-first heap   total 267264K, used 178328K [0x0000000080000000, 0x0000000100000000)
  region size 1024K, 8 young (8192K), 8 survivors (8192K)
 Metaspace       used 134623K, committed 135808K, reserved 1179648K
  class space    used 19552K, committed 20096K, reserved 1048576K
}
Event: 133.422 GC heap before
{Heap before GC invocations=46 (full 0):
 garbage-first heap   total 267264K, used 218264K [0x0000000080000000, 0x0000000100000000)
  region size 1024K, 48 young (49152K), 8 survivors (8192K)
 Metaspace       used 134910K, committed 136192K, reserved 1179648K
  class space    used 19560K, committed 20160K, reserved 1048576K
}
Event: 133.427 GC heap after
{Heap after GC invocations=47 (full 0):
 garbage-first heap   total 267264K, used 186169K [0x0000000080000000, 0x0000000100000000)
  region size 1024K, 6 young (6144K), 6 survivors (6144K)
 Metaspace       used 134910K, committed 136192K, reserved 1179648K
  class space    used 19560K, committed 20160K, reserved 1048576K
}
Event: 356.230 GC heap before
{Heap before GC invocations=47 (full 0):
 garbage-first heap   total 267264K, used 222009K [0x0000000080000000, 0x0000000100000000)
  region size 1024K, 41 young (41984K), 6 survivors (6144K)
 Metaspace       used 135160K, committed 136384K, reserved 1179648K
  class space    used 19569K, committed 20160K, reserved 1048576K
}

