# JRE version: OpenJDK Runtime Environment (17.0.11) (build 17.0.11+0--11852314)
# Java VM: OpenJDK 64-Bit Server VM (17.0.11+0--11852314, mixed mode, tiered, compressed oops, compressed class ptrs, g1 gc, windows-amd64)
GC Precious Log:
 CPUs: 16 total, 16 available
 Memory: 16060M
 Large Page Support: Disabled
 NUMA Support: Disabled
 Compressed Oops: Enabled (32-bit)
 Heap Region Size: 1M
 Heap Min Capacity: 8M
 Heap Initial Capacity: 252M
 Heap Max Capacity: 2G
 Pre-touch: Disabled
 Parallel Workers: 13
 Concurrent Workers: 3
 Concurrent Refinement Workers: 13
 Periodic GC: Disabled
Heap:
 garbage-first heap   total 294912K, used 234967K [0x0000000080000000, 0x0000000100000000)
  region size 1024K, 4 young (4096K), 4 survivors (4096K)
 Metaspace       used 135855K, committed 137152K, reserved 1179648K
  class space    used 19308K, committed 19904K, reserved 1048576K
GC Heap History (20 events):
Event: 194.851 GC heap after
{Heap after GC invocations=48 (full 0):
 garbage-first heap   total 245760K, used 175660K [0x0000000080000000, 0x0000000100000000)
  region size 1024K, 3 young (3072K), 3 survivors (3072K)
 Metaspace       used 134904K, committed 136192K, reserved 1179648K
  class space    used 19277K, committed 19904K, reserved 1048576K
}
Event: 194.971 GC heap before
{Heap before GC invocations=48 (full 0):
 garbage-first heap   total 245760K, used 206380K [0x0000000080000000, 0x0000000100000000)
  region size 1024K, 34 young (34816K), 3 survivors (3072K)
 Metaspace       used 134983K, committed 136256K, reserved 1179648K
  class space    used 19277K, committed 19904K, reserved 1048576K
}
Event: 194.974 GC heap after
{Heap after GC invocations=49 (full 0):
 garbage-first heap   total 245760K, used 180795K [0x0000000080000000, 0x0000000100000000)
  region size 1024K, 5 young (5120K), 5 survivors (5120K)
 Metaspace       used 134983K, committed 136256K, reserved 1179648K
  class space    used 19277K, committed 19904K, reserved 1048576K
}
Event: 195.070 GC heap before
{Heap before GC invocations=49 (full 0):
 garbage-first heap   total 245760K, used 208443K [0x0000000080000000, 0x0000000100000000)
  region size 1024K, 32 young (32768K), 5 survivors (5120K)
 Metaspace       used 135054K, committed 136320K, reserved 1179648K
  class space    used 19277K, committed 19904K, reserved 1048576K
}
Event: 195.073 GC heap after
{Heap after GC invocations=50 (full 0):
 garbage-first heap   total 245760K, used 187981K [0x0000000080000000, 0x0000000100000000)
  region size 1024K, 4 young (4096K), 4 survivors (4096K)
 Metaspace       used 135054K, committed 136320K, reserved 1179648K
  class space    used 19277K, committed 19904K, reserved 1048576K
}
Event: 195.150 GC heap before
{Heap before GC invocations=50 (full 0):
 garbage-first heap   total 245760K, used 208461K [0x0000000080000000, 0x0000000100000000)
  region size 1024K, 24 young (24576K), 4 survivors (4096K)
 Metaspace       used 135093K, committed 136384K, reserved 1179648K
  class space    used 19277K, committed 19904K, reserved 1048576K
}
Event: 195.153 GC heap after
{Heap after GC invocations=51 (full 0):
 garbage-first heap   total 245760K, used 193740K [0x0000000080000000, 0x0000000100000000)
  region size 1024K, 3 young (3072K), 3 survivors (3072K)
 Metaspace       used 135093K, committed 136384K, reserved 1179648K
  class space    used 19277K, committed 19904K, reserved 1048576K
}
Event: 195.220 GC heap before
{Heap before GC invocations=51 (full 0):
 garbage-first heap   total 245760K, used 210124K [0x0000000080000000, 0x0000000100000000)
  region size 1024K, 19 young (19456K), 3 survivors (3072K)
 Metaspace       used 135127K, committed 136448K, reserved 1179648K
  class space    used 19279K, committed 19904K, reserved 1048576K
}
Event: 195.223 GC heap after
{Heap after GC invocations=52 (full 0):
 garbage-first heap   total 294912K, used 197466K [0x0000000080000000, 0x0000000100000000)
  region size 1024K, 3 young (3072K), 3 survivors (3072K)
 Metaspace       used 135127K, committed 136448K, reserved 1179648K
  class space    used 19279K, committed 19904K, reserved 1048576K
}
Event: 195.467 GC heap before
{Heap before GC invocations=52 (full 0):
 garbage-first heap   total 294912K, used 241498K [0x0000000080000000, 0x0000000100000000)
  region size 1024K, 46 young (47104K), 3 survivors (3072K)
 Metaspace       used 135350K, committed 136640K, reserved 1179648K
  class space    used 19283K, committed 19904K, reserved 1048576K
}
Event: 195.471 GC heap after
{Heap after GC invocations=53 (full 0):
 garbage-first heap   total 294912K, used 204554K [0x0000000080000000, 0x0000000100000000)
  region size 1024K, 6 young (6144K), 6 survivors (6144K)
 Metaspace       used 135350K, committed 136640K, reserved 1179648K
  class space    used 19283K, committed 19904K, reserved 1048576K
}
Event: 225.397 GC heap before
{Heap before GC invocations=53 (full 0):
 garbage-first heap   total 294912K, used 244490K [0x0000000080000000, 0x0000000100000000)
  region size 1024K, 45 young (46080K), 6 survivors (6144K)
 Metaspace       used 135538K, committed 136832K, reserved 1179648K
  class space    used 19298K, committed 19904K, reserved 1048576K
}
Event: 225.401 GC heap after
{Heap after GC invocations=54 (full 0):
 garbage-first heap   total 294912K, used 208806K [0x0000000080000000, 0x0000000100000000)
  region size 1024K, 4 young (4096K), 4 survivors (4096K)
 Metaspace       used 135538K, committed 136832K, reserved 1179648K
  class space    used 19298K, committed 19904K, reserved 1048576K
}
Event: 225.541 GC heap before
{Heap before GC invocations=54 (full 0):
 garbage-first heap   total 294912K, used 246694K [0x0000000080000000, 0x0000000100000000)
  region size 1024K, 42 young (43008K), 4 survivors (4096K)
 Metaspace       used 135592K, committed 136896K, reserved 1179648K
  class space    used 19300K, committed 19904K, reserved 1048576K
}
Event: 225.544 GC heap after
{Heap after GC invocations=55 (full 0):
 garbage-first heap   total 294912K, used 215952K [0x0000000080000000, 0x0000000100000000)
  region size 1024K, 6 young (6144K), 6 survivors (6144K)
 Metaspace       used 135592K, committed 136896K, reserved 1179648K
  class space    used 19300K, committed 19904K, reserved 1048576K
}
Event: 225.660 GC heap before
{Heap before GC invocations=55 (full 0):
 garbage-first heap   total 294912K, used 248720K [0x0000000080000000, 0x0000000100000000)
  region size 1024K, 38 young (38912K), 6 survivors (6144K)
 Metaspace       used 135657K, committed 136960K, reserved 1179648K
  class space    used 19300K, committed 19904K, reserved 1048576K
}
Event: 225.664 GC heap after
{Heap after GC invocations=56 (full 0):
 garbage-first heap   total 294912K, used 224687K [0x0000000080000000, 0x0000000100000000)
  region size 1024K, 5 young (5120K), 5 survivors (5120K)
 Metaspace       used 135657K, committed 136960K, reserved 1179648K
  class space    used 19300K, committed 19904K, reserved 1048576K
}
Event: 225.759 GC heap before
{Heap before GC invocations=56 (full 0):
 garbage-first heap   total 294912K, used 249263K [0x0000000080000000, 0x0000000100000000)
  region size 1024K, 29 young (29696K), 5 survivors (5120K)
 Metaspace       used 135710K, committed 137024K, reserved 1179648K
  class space    used 19300K, committed 19904K, reserved 1048576K
}
Event: 225.763 GC heap after
{Heap after GC invocations=57 (full 0):
 garbage-first heap   total 294912K, used 230400K [0x0000000080000000, 0x0000000100000000)
  region size 1024K, 4 young (4096K), 4 survivors (4096K)
 Metaspace       used 135710K, committed 137024K, reserved 1179648K
  class space    used 19300K, committed 19904K, reserved 1048576K
}
Event: 225.850 GC heap before
{Heap before GC invocations=57 (full 0):
 garbage-first heap   total 294912K, used 251904K [0x0000000080000000, 0x0000000100000000)
  region size 1024K, 25 young (25600K), 4 survivors (4096K)
 Metaspace       used 135855K, committed 137152K, reserved 1179648K
  class space    used 19308K, committed 19904K, reserved 1048576K
}

