# JRE version: OpenJDK Runtime Environment (17.0.11) (build 17.0.11+0--11852314)
# Java VM: OpenJDK 64-Bit Server VM (17.0.11+0--11852314, mixed mode, tiered, compressed oops, compressed class ptrs, g1 gc, windows-amd64)
GC Precious Log:
 CPUs: 16 total, 16 available
 Memory: 16060M
 Large Page Support: Disabled
 NUMA Support: Disabled
 Compressed Oops: Enabled (32-bit)
 Heap Region Size: 1M
 Heap Min Capacity: 8M
 Heap Initial Capacity: 252M
 Heap Max Capacity: 2G
 Pre-touch: Disabled
 Parallel Workers: 13
 Concurrent Workers: 3
 Concurrent Refinement Workers: 13
 Periodic GC: Disabled
Heap:
 garbage-first heap   total 259072K, used 63699K [0x0000000080000000, 0x0000000100000000)
  region size 1024K, 2 young (2048K), 2 survivors (2048K)
 Metaspace       used 64325K, committed 64832K, reserved 1114112K
  class space    used 8683K, committed 8896K, reserved 1048576K
GC Heap History (20 events):
Event: 1.261 GC heap after
{Heap after GC invocations=6 (full 0):
 garbage-first heap   total 71680K, used 21827K [0x0000000080000000, 0x0000000100000000)
  region size 1024K, 1 young (1024K), 1 survivors (1024K)
 Metaspace       used 27099K, committed 27328K, reserved 1114112K
  class space    used 3478K, committed 3584K, reserved 1048576K
}
Event: 1.445 GC heap before
{Heap before GC invocations=6 (full 0):
 garbage-first heap   total 71680K, used 49475K [0x0000000080000000, 0x0000000100000000)
  region size 1024K, 28 young (28672K), 1 survivors (1024K)
 Metaspace       used 30712K, committed 31040K, reserved 1114112K
  class space    used 4074K, committed 4224K, reserved 1048576K
}
Event: 1.446 GC heap after
{Heap after GC invocations=7 (full 0):
 garbage-first heap   total 71680K, used 22770K [0x0000000080000000, 0x0000000100000000)
  region size 1024K, 2 young (2048K), 2 survivors (2048K)
 Metaspace       used 30712K, committed 31040K, reserved 1114112K
  class space    used 4074K, committed 4224K, reserved 1048576K
}
Event: 1.645 GC heap before
{Heap before GC invocations=7 (full 0):
 garbage-first heap   total 71680K, used 51442K [0x0000000080000000, 0x0000000100000000)
  region size 1024K, 31 young (31744K), 2 survivors (2048K)
 Metaspace       used 34345K, committed 34624K, reserved 1114112K
  class space    used 4663K, committed 4800K, reserved 1048576K
}
Event: 1.646 GC heap after
{Heap after GC invocations=8 (full 0):
 garbage-first heap   total 71680K, used 23924K [0x0000000080000000, 0x0000000100000000)
  region size 1024K, 3 young (3072K), 3 survivors (3072K)
 Metaspace       used 34345K, committed 34624K, reserved 1114112K
  class space    used 4663K, committed 4800K, reserved 1048576K
}
Event: 1.695 GC heap before
{Heap before GC invocations=8 (full 0):
 garbage-first heap   total 71680K, used 31092K [0x0000000080000000, 0x0000000100000000)
  region size 1024K, 11 young (11264K), 3 survivors (3072K)
 Metaspace       used 35620K, committed 35968K, reserved 1114112K
  class space    used 4851K, committed 5056K, reserved 1048576K
}
Event: 1.696 GC heap after
{Heap after GC invocations=9 (full 0):
 garbage-first heap   total 71680K, used 24310K [0x0000000080000000, 0x0000000100000000)
  region size 1024K, 2 young (2048K), 2 survivors (2048K)
 Metaspace       used 35620K, committed 35968K, reserved 1114112K
  class space    used 4851K, committed 5056K, reserved 1048576K
}
Event: 1.895 GC heap before
{Heap before GC invocations=10 (full 0):
 garbage-first heap   total 71680K, used 54006K [0x0000000080000000, 0x0000000100000000)
  region size 1024K, 32 young (32768K), 2 survivors (2048K)
 Metaspace       used 41543K, committed 41920K, reserved 1114112K
  class space    used 5482K, committed 5632K, reserved 1048576K
}
Event: 1.897 GC heap after
{Heap after GC invocations=11 (full 0):
 garbage-first heap   total 143360K, used 28120K [0x0000000080000000, 0x0000000100000000)
  region size 1024K, 4 young (4096K), 4 survivors (4096K)
 Metaspace       used 41543K, committed 41920K, reserved 1114112K
  class space    used 5482K, committed 5632K, reserved 1048576K
}
Event: 1.901 GC heap before
{Heap before GC invocations=11 (full 0):
 garbage-first heap   total 143360K, used 31192K [0x0000000080000000, 0x0000000100000000)
  region size 1024K, 7 young (7168K), 4 survivors (4096K)
 Metaspace       used 41544K, committed 41920K, reserved 1114112K
  class space    used 5482K, committed 5632K, reserved 1048576K
}
Event: 1.903 GC heap after
{Heap after GC invocations=12 (full 0):
 garbage-first heap   total 143360K, used 28559K [0x0000000080000000, 0x0000000100000000)
  region size 1024K, 1 young (1024K), 1 survivors (1024K)
 Metaspace       used 41544K, committed 41920K, reserved 1114112K
  class space    used 5482K, committed 5632K, reserved 1048576K
}
Event: 2.420 GC heap before
{Heap before GC invocations=12 (full 0):
 garbage-first heap   total 143360K, used 108431K [0x0000000080000000, 0x0000000100000000)
  region size 1024K, 80 young (81920K), 1 survivors (1024K)
 Metaspace       used 49698K, committed 50112K, reserved 1114112K
  class space    used 6795K, committed 6976K, reserved 1048576K
}
Event: 2.422 GC heap after
{Heap after GC invocations=13 (full 0):
 garbage-first heap   total 143360K, used 32993K [0x0000000080000000, 0x0000000100000000)
  region size 1024K, 6 young (6144K), 6 survivors (6144K)
 Metaspace       used 49698K, committed 50112K, reserved 1114112K
  class space    used 6795K, committed 6976K, reserved 1048576K
}
Event: 2.978 GC heap before
{Heap before GC invocations=13 (full 0):
 garbage-first heap   total 143360K, used 109793K [0x0000000080000000, 0x0000000100000000)
  region size 1024K, 80 young (81920K), 6 survivors (6144K)
 Metaspace       used 56958K, committed 57536K, reserved 1114112K
  class space    used 7786K, committed 8064K, reserved 1048576K
}
Event: 2.982 GC heap after
{Heap after GC invocations=14 (full 0):
 garbage-first heap   total 143360K, used 40001K [0x0000000080000000, 0x0000000100000000)
  region size 1024K, 10 young (10240K), 10 survivors (10240K)
 Metaspace       used 56958K, committed 57536K, reserved 1114112K
  class space    used 7786K, committed 8064K, reserved 1048576K
}
Event: 3.222 GC heap before
{Heap before GC invocations=14 (full 0):
 garbage-first heap   total 143360K, used 121921K [0x0000000080000000, 0x0000000100000000)
  region size 1024K, 79 young (80896K), 10 survivors (10240K)
 Metaspace       used 59384K, committed 59968K, reserved 1114112K
  class space    used 8091K, committed 8320K, reserved 1048576K
}
Event: 3.226 GC heap after
{Heap after GC invocations=15 (full 0):
 garbage-first heap   total 144384K, used 62034K [0x0000000080000000, 0x0000000100000000)
  region size 1024K, 10 young (10240K), 10 survivors (10240K)
 Metaspace       used 59384K, committed 59968K, reserved 1114112K
  class space    used 8091K, committed 8320K, reserved 1048576K
}
Event: 3.245 GC heap before
{Heap before GC invocations=15 (full 0):
 garbage-first heap   total 144384K, used 66130K [0x0000000080000000, 0x0000000100000000)
  region size 1024K, 15 young (15360K), 10 survivors (10240K)
 Metaspace       used 59746K, committed 60288K, reserved 1114112K
  class space    used 8136K, committed 8384K, reserved 1048576K
}
Event: 3.247 GC heap after
{Heap after GC invocations=16 (full 0):
 garbage-first heap   total 144384K, used 63182K [0x0000000080000000, 0x0000000100000000)
  region size 1024K, 1 young (1024K), 1 survivors (1024K)
 Metaspace       used 59746K, committed 60288K, reserved 1114112K
  class space    used 8136K, committed 8384K, reserved 1048576K
}
Event: 3.507 GC heap before
{Heap before GC invocations=17 (full 0):
 garbage-first heap   total 144384K, used 112334K [0x0000000080000000, 0x0000000100000000)
  region size 1024K, 49 young (50176K), 1 survivors (1024K)
 Metaspace       used 64325K, committed 64832K, reserved 1114112K
  class space    used 8683K, committed 8896K, reserved 1048576K
}

