# JRE version: OpenJDK Runtime Environment (17.0.11) (build 17.0.11+0--11852314)
# Java VM: OpenJDK 64-Bit Server VM (17.0.11+0--11852314, mixed mode, tiered, compressed oops, compressed class ptrs, g1 gc, windows-amd64)
GC Precious Log:
 CPUs: 16 total, 16 available
 Memory: 16060M
 Large Page Support: Disabled
 NUMA Support: Disabled
 Compressed Oops: Enabled (32-bit)
 Heap Region Size: 1M
 Heap Min Capacity: 8M
 Heap Initial Capacity: 252M
 Heap Max Capacity: 2G
 Pre-touch: Disabled
 Parallel Workers: 13
 Concurrent Workers: 3
 Concurrent Refinement Workers: 13
 Periodic GC: Disabled
Heap:
 garbage-first heap   total 139264K, used 70311K [0x0000000080000000, 0x0000000100000000)
  region size 1024K, 1 young (1024K), 1 survivors (1024K)
 Metaspace       used 68474K, committed 69120K, reserved 1114112K
  class space    used 9276K, committed 9600K, reserved 1048576K
GC Heap History (20 events):
Event: 3.121 GC heap after
{Heap after GC invocations=16 (full 0):
 garbage-first heap   total 112640K, used 45844K [0x0000000080000000, 0x0000000100000000)
  region size 1024K, 2 young (2048K), 2 survivors (2048K)
 Metaspace       used 57534K, committed 58176K, reserved 1114112K
  class space    used 7815K, committed 8128K, reserved 1048576K
}
Event: 3.154 GC heap before
{Heap before GC invocations=16 (full 0):
 garbage-first heap   total 112640K, used 57108K [0x0000000080000000, 0x0000000100000000)
  region size 1024K, 10 young (10240K), 2 survivors (2048K)
 Metaspace       used 57862K, committed 58432K, reserved 1114112K
  class space    used 7879K, committed 8128K, reserved 1048576K
}
Event: 3.156 GC heap after
{Heap after GC invocations=17 (full 0):
 garbage-first heap   total 112640K, used 54144K [0x0000000080000000, 0x0000000100000000)
  region size 1024K, 5 young (5120K), 5 survivors (5120K)
 Metaspace       used 57862K, committed 58432K, reserved 1114112K
  class space    used 7879K, committed 8128K, reserved 1048576K
}
Event: 3.161 GC heap before
{Heap before GC invocations=17 (full 0):
 garbage-first heap   total 112640K, used 58240K [0x0000000080000000, 0x0000000100000000)
  region size 1024K, 7 young (7168K), 5 survivors (5120K)
 Metaspace       used 57862K, committed 58432K, reserved 1114112K
  class space    used 7879K, committed 8128K, reserved 1048576K
}
Event: 3.162 GC heap after
{Heap after GC invocations=18 (full 0):
 garbage-first heap   total 112640K, used 59279K [0x0000000080000000, 0x0000000100000000)
  region size 1024K, 2 young (2048K), 2 survivors (2048K)
 Metaspace       used 57862K, committed 58432K, reserved 1114112K
  class space    used 7879K, committed 8128K, reserved 1048576K
}
Event: 3.233 GC heap before
{Heap before GC invocations=19 (full 0):
 garbage-first heap   total 112640K, used 77711K [0x0000000080000000, 0x0000000100000000)
  region size 1024K, 18 young (18432K), 2 survivors (2048K)
 Metaspace       used 58825K, committed 59456K, reserved 1114112K
  class space    used 8021K, committed 8320K, reserved 1048576K
}
Event: 3.235 GC heap after
{Heap after GC invocations=20 (full 0):
 garbage-first heap   total 112640K, used 63271K [0x0000000080000000, 0x0000000100000000)
  region size 1024K, 3 young (3072K), 3 survivors (3072K)
 Metaspace       used 58825K, committed 59456K, reserved 1114112K
  class space    used 8021K, committed 8320K, reserved 1048576K
}
Event: 3.240 GC heap before
{Heap before GC invocations=20 (full 0):
 garbage-first heap   total 112640K, used 64295K [0x0000000080000000, 0x0000000100000000)
  region size 1024K, 5 young (5120K), 3 survivors (3072K)
 Metaspace       used 58919K, committed 59520K, reserved 1114112K
  class space    used 8028K, committed 8320K, reserved 1048576K
}
Event: 3.241 GC heap after
{Heap after GC invocations=21 (full 0):
 garbage-first heap   total 139264K, used 62901K [0x0000000080000000, 0x0000000100000000)
  region size 1024K, 1 young (1024K), 1 survivors (1024K)
 Metaspace       used 58919K, committed 59520K, reserved 1114112K
  class space    used 8028K, committed 8320K, reserved 1048576K
}
Event: 3.246 GC heap before
{Heap before GC invocations=21 (full 0):
 garbage-first heap   total 139264K, used 63925K [0x0000000080000000, 0x0000000100000000)
  region size 1024K, 3 young (3072K), 1 survivors (1024K)
 Metaspace       used 59010K, committed 59584K, reserved 1114112K
  class space    used 8036K, committed 8320K, reserved 1048576K
}
Event: 3.247 GC heap after
{Heap after GC invocations=22 (full 0):
 garbage-first heap   total 139264K, used 62874K [0x0000000080000000, 0x0000000100000000)
  region size 1024K, 1 young (1024K), 1 survivors (1024K)
 Metaspace       used 59010K, committed 59584K, reserved 1114112K
  class space    used 8036K, committed 8320K, reserved 1048576K
}
Event: 3.406 GC heap before
{Heap before GC invocations=23 (full 0):
 garbage-first heap   total 139264K, used 95642K [0x0000000080000000, 0x0000000100000000)
  region size 1024K, 32 young (32768K), 1 survivors (1024K)
 Metaspace       used 61515K, committed 62080K, reserved 1114112K
  class space    used 8372K, committed 8640K, reserved 1048576K
}
Event: 3.408 GC heap after
{Heap after GC invocations=24 (full 0):
 garbage-first heap   total 139264K, used 64861K [0x0000000080000000, 0x0000000100000000)
  region size 1024K, 2 young (2048K), 2 survivors (2048K)
 Metaspace       used 61515K, committed 62080K, reserved 1114112K
  class space    used 8372K, committed 8640K, reserved 1048576K
}
Event: 3.435 GC heap before
{Heap before GC invocations=24 (full 0):
 garbage-first heap   total 139264K, used 67933K [0x0000000080000000, 0x0000000100000000)
  region size 1024K, 6 young (6144K), 2 survivors (2048K)
 Metaspace       used 61855K, committed 62464K, reserved 1114112K
  class space    used 8423K, committed 8704K, reserved 1048576K
}
Event: 3.436 GC heap after
{Heap after GC invocations=25 (full 0):
 garbage-first heap   total 139264K, used 64519K [0x0000000080000000, 0x0000000100000000)
  region size 1024K, 1 young (1024K), 1 survivors (1024K)
 Metaspace       used 61855K, committed 62464K, reserved 1114112K
  class space    used 8423K, committed 8704K, reserved 1048576K
}
Event: 3.642 GC heap before
{Heap before GC invocations=25 (full 0):
 garbage-first heap   total 139264K, used 98311K [0x0000000080000000, 0x0000000100000000)
  region size 1024K, 34 young (34816K), 1 survivors (1024K)
 Metaspace       used 65634K, committed 66240K, reserved 1114112K
  class space    used 8895K, committed 9152K, reserved 1048576K
}
Event: 3.644 GC heap after
{Heap after GC invocations=26 (full 0):
 garbage-first heap   total 139264K, used 65370K [0x0000000080000000, 0x0000000100000000)
  region size 1024K, 2 young (2048K), 2 survivors (2048K)
 Metaspace       used 65634K, committed 66240K, reserved 1114112K
  class space    used 8895K, committed 9152K, reserved 1048576K
}
Event: 3.811 GC heap before
{Heap before GC invocations=27 (full 0):
 garbage-first heap   total 139264K, used 106330K [0x0000000080000000, 0x0000000100000000)
  region size 1024K, 37 young (37888K), 2 survivors (2048K)
 Metaspace       used 68417K, committed 69120K, reserved 1114112K
  class space    used 9267K, committed 9600K, reserved 1048576K
}
Event: 3.813 GC heap after
{Heap after GC invocations=28 (full 0):
 garbage-first heap   total 139264K, used 70368K [0x0000000080000000, 0x0000000100000000)
  region size 1024K, 5 young (5120K), 5 survivors (5120K)
 Metaspace       used 68417K, committed 69120K, reserved 1114112K
  class space    used 9267K, committed 9600K, reserved 1048576K
}
Event: 3.819 GC heap before
{Heap before GC invocations=28 (full 0):
 garbage-first heap   total 139264K, used 71392K [0x0000000080000000, 0x0000000100000000)
  region size 1024K, 6 young (6144K), 5 survivors (5120K)
 Metaspace       used 68474K, committed 69120K, reserved 1114112K
  class space    used 9276K, committed 9600K, reserved 1048576K
}

